<?xml version="1.0" encoding="UTF-8"?>
<TestRun id="79fff2f2-ef4e-4297-b6d6-6da789aaf886" name="dinesh.kumar@PSILENL026 2020-03-26 15:10:33" runUser="PSIOG\dinesh.kumar" xmlns="http://microsoft.com/schemas/VisualStudio/TeamTest/2010">
  <Times creation="2020-03-26T15:10:33.6619783+05:30" queuing="2020-03-26T15:10:33.6653921+05:30" start="2020-03-26T15:10:33.6763101+05:30" finish="2020-03-26T15:10:33.9325184+05:30" />
  <TestSettings name="default" id="973bd9f0-c6a2-4361-98ab-a54b0cb913f2">
    <Execution>
      <TestTypeSpecific />
    </Execution>
    <Deployment runDeploymentRoot="dinesh.kumar_PSILENL026 2020-03-26 15_10_33" />
    <Properties />
  </TestSettings>
  <Results>
    <UnitTestResult executionId="491a5cca-26fc-4cb9-a060-832947c050c0" testId="56e7ebe8-a1fe-16de-7184-74a7499912cf" testName="AddTest" computerName="PSILENL026" duration="00:00:00.0901789" startTime="2020-03-26T15:10:32.8918735+05:30" endTime="2020-03-26T15:10:33.4605505+05:30" testType="13cdc9d9-ddb5-4fa4-a97d-d965ccfc6d4b" outcome="Passed" testListId="8c84fa94-04c1-424b-9868-57a2d4851a1d" relativeResultsDirectory="491a5cca-26fc-4cb9-a060-832947c050c0" />
  </Results>
  <TestDefinitions>
    <UnitTest name="AddTest" storage="c:\users\dinesh.kumar\documents\visual studio 2013\projects\codecoveragedemoproject1\codecoveragetests\bin\debug\codecoveragetests.dll" id="56e7ebe8-a1fe-16de-7184-74a7499912cf">
      <Execution id="491a5cca-26fc-4cb9-a060-832947c050c0" />
      <TestMethod codeBase="C:\Users\dinesh.kumar\Documents\Visual Studio 2013\Projects\CodeCoverageDemoProject1\CodeCoverageTests\bin\Debug\CodeCoverageTests.dll" adapterTypeName="Microsoft.VisualStudio.TestTools.TestTypes.Unit.UnitTestAdapter" className="CodeCoverageTests.ArithmeticTests" name="AddTest" />
    </UnitTest>
  </TestDefinitions>
  <TestEntries>
    <TestEntry testId="56e7ebe8-a1fe-16de-7184-74a7499912cf" executionId="491a5cca-26fc-4cb9-a060-832947c050c0" testListId="8c84fa94-04c1-424b-9868-57a2d4851a1d" />
  </TestEntries>
  <TestLists>
    <TestList name="Results Not in a List" id="8c84fa94-04c1-424b-9868-57a2d4851a1d" />
    <TestList name="All Loaded Results" id="19431567-8539-422a-85d7-44ee4e166bda" />
  </TestLists>
  <ResultSummary outcome="Completed">
    <Counters total="1" executed="1" passed="1" failed="0" error="0" timeout="0" aborted="0" inconclusive="0" passedButRunAborted="0" notRunnable="0" notExecuted="0" disconnected="0" warning="0" completed="0" inProgress="0" pending="0" />
  </ResultSummary>
</TestRun>