<?xml version="1.0" encoding="UTF-8"?>
<TestRun id="27e1fe79-7985-4fea-a8bd-7a290a4942c8" name="dinesh.kumar@PSILENL026 2020-03-31 17:12:45" runUser="PSIOG\dinesh.kumar" xmlns="http://microsoft.com/schemas/VisualStudio/TeamTest/2010">
  <Times creation="2020-03-31T17:12:45.6793654+05:30" queuing="2020-03-31T17:12:45.6813586+05:30" start="2020-03-31T17:12:45.6913334+05:30" finish="2020-03-31T17:12:46.0060519+05:30" />
  <TestSettings name="default" id="c1346f54-597b-4077-a025-187a59abd2d2">
    <Execution>
      <TestTypeSpecific />
    </Execution>
    <Deployment runDeploymentRoot="dinesh.kumar_PSILENL026 2020-03-31 17_12_45" />
    <Properties />
  </TestSettings>
  <Results>
    <UnitTestResult executionId="61d726df-f500-49f8-83ef-ffa7473cd578" testId="69668d7d-5a1b-a6f6-9834-021250c6d2a0" testName="MulTest" computerName="PSILENL026" duration="00:00:00.0881426" startTime="2020-03-31T17:12:44.7186239+05:30" endTime="2020-03-31T17:12:45.3022232+05:30" testType="13cdc9d9-ddb5-4fa4-a97d-d965ccfc6d4b" outcome="Passed" testListId="8c84fa94-04c1-424b-9868-57a2d4851a1d" relativeResultsDirectory="61d726df-f500-49f8-83ef-ffa7473cd578" />
    <UnitTestResult executionId="f5725bd8-409b-4a8b-ba31-d10346ea788e" testId="a523163c-7b17-8c6d-5a96-a85ef7af67d3" testName="SubTest" computerName="PSILENL026" duration="00:00:00.0025425" startTime="2020-03-31T17:12:45.3258391+05:30" endTime="2020-03-31T17:12:45.3293337+05:30" testType="13cdc9d9-ddb5-4fa4-a97d-d965ccfc6d4b" outcome="Passed" testListId="8c84fa94-04c1-424b-9868-57a2d4851a1d" relativeResultsDirectory="f5725bd8-409b-4a8b-ba31-d10346ea788e" />
    <UnitTestResult executionId="759b6d21-eabd-45f6-a221-ca846fd6d47b" testId="56e7ebe8-a1fe-16de-7184-74a7499912cf" testName="AddTest" computerName="PSILENL026" duration="00:00:00.0020857" startTime="2020-03-31T17:12:45.3293337+05:30" endTime="2020-03-31T17:12:45.3321098+05:30" testType="13cdc9d9-ddb5-4fa4-a97d-d965ccfc6d4b" outcome="Passed" testListId="8c84fa94-04c1-424b-9868-57a2d4851a1d" relativeResultsDirectory="759b6d21-eabd-45f6-a221-ca846fd6d47b" />
    <UnitTestResult executionId="a9920028-33f2-465c-baba-c2d45603319a" testId="37dfe1b2-9ee3-aa83-9ef5-375846bdc03d" testName="DivTest" computerName="PSILENL026" duration="00:00:00.0015647" startTime="2020-03-31T17:12:45.3321098+05:30" endTime="2020-03-31T17:12:45.3342590+05:30" testType="13cdc9d9-ddb5-4fa4-a97d-d965ccfc6d4b" outcome="Passed" testListId="8c84fa94-04c1-424b-9868-57a2d4851a1d" relativeResultsDirectory="a9920028-33f2-465c-baba-c2d45603319a" />
    <UnitTestResult executionId="e163650e-7e3b-4e4f-b61a-5ecc093dafd1" testId="06bbbdd0-b44c-7a15-cc66-7951e941fc05" testName="IsGreaterthanZeroTest" computerName="PSILENL026" duration="00:00:00.0042375" startTime="2020-03-31T17:12:45.3342590+05:30" endTime="2020-03-31T17:12:45.3390534+05:30" testType="13cdc9d9-ddb5-4fa4-a97d-d965ccfc6d4b" outcome="Passed" testListId="8c84fa94-04c1-424b-9868-57a2d4851a1d" relativeResultsDirectory="e163650e-7e3b-4e4f-b61a-5ecc093dafd1">
      <Output>
        <StdOut>-20 is not greater than zero</StdOut>
      </Output>
    </UnitTestResult>
  </Results>
  <TestDefinitions>
    <UnitTest name="MulTest" storage="c:\users\dinesh.kumar\documents\codecoverage\codecoveragedemoproject1\codecoveragetests\bin\debug\codecoveragetests.dll" id="69668d7d-5a1b-a6f6-9834-021250c6d2a0">
      <Execution id="61d726df-f500-49f8-83ef-ffa7473cd578" />
      <TestMethod codeBase="C:\Users\dinesh.kumar\Documents\codecoverage\CodeCoverageDemoProject1\CodeCoverageTests\bin\Debug\CodeCoverageTests.dll" adapterTypeName="Microsoft.VisualStudio.TestTools.TestTypes.Unit.UnitTestAdapter" className="CodeCoverageTests.ArithmeticTests" name="MulTest" />
    </UnitTest>
    <UnitTest name="SubTest" storage="c:\users\dinesh.kumar\documents\codecoverage\codecoveragedemoproject1\codecoveragetests\bin\debug\codecoveragetests.dll" id="a523163c-7b17-8c6d-5a96-a85ef7af67d3">
      <Execution id="f5725bd8-409b-4a8b-ba31-d10346ea788e" />
      <TestMethod codeBase="C:\Users\dinesh.kumar\Documents\codecoverage\CodeCoverageDemoProject1\CodeCoverageTests\bin\Debug\CodeCoverageTests.dll" adapterTypeName="Microsoft.VisualStudio.TestTools.TestTypes.Unit.UnitTestAdapter" className="CodeCoverageTests.ArithmeticTests" name="SubTest" />
    </UnitTest>
    <UnitTest name="AddTest" storage="c:\users\dinesh.kumar\documents\codecoverage\codecoveragedemoproject1\codecoveragetests\bin\debug\codecoveragetests.dll" id="56e7ebe8-a1fe-16de-7184-74a7499912cf">
      <Execution id="759b6d21-eabd-45f6-a221-ca846fd6d47b" />
      <TestMethod codeBase="C:\Users\dinesh.kumar\Documents\codecoverage\CodeCoverageDemoProject1\CodeCoverageTests\bin\Debug\CodeCoverageTests.dll" adapterTypeName="Microsoft.VisualStudio.TestTools.TestTypes.Unit.UnitTestAdapter" className="CodeCoverageTests.ArithmeticTests" name="AddTest" />
    </UnitTest>
    <UnitTest name="DivTest" storage="c:\users\dinesh.kumar\documents\codecoverage\codecoveragedemoproject1\codecoveragetests\bin\debug\codecoveragetests.dll" id="37dfe1b2-9ee3-aa83-9ef5-375846bdc03d">
      <Execution id="a9920028-33f2-465c-baba-c2d45603319a" />
      <TestMethod codeBase="C:\Users\dinesh.kumar\Documents\codecoverage\CodeCoverageDemoProject1\CodeCoverageTests\bin\Debug\CodeCoverageTests.dll" adapterTypeName="Microsoft.VisualStudio.TestTools.TestTypes.Unit.UnitTestAdapter" className="CodeCoverageTests.ArithmeticTests" name="DivTest" />
    </UnitTest>
    <UnitTest name="IsGreaterthanZeroTest" storage="c:\users\dinesh.kumar\documents\codecoverage\codecoveragedemoproject1\codecoveragetests\bin\debug\codecoveragetests.dll" id="06bbbdd0-b44c-7a15-cc66-7951e941fc05">
      <Execution id="e163650e-7e3b-4e4f-b61a-5ecc093dafd1" />
      <TestMethod codeBase="C:\Users\dinesh.kumar\Documents\codecoverage\CodeCoverageDemoProject1\CodeCoverageTests\bin\Debug\CodeCoverageTests.dll" adapterTypeName="Microsoft.VisualStudio.TestTools.TestTypes.Unit.UnitTestAdapter" className="CodeCoverageTests.ArithmeticTests" name="IsGreaterthanZeroTest" />
    </UnitTest>
  </TestDefinitions>
  <TestEntries>
    <TestEntry testId="69668d7d-5a1b-a6f6-9834-021250c6d2a0" executionId="61d726df-f500-49f8-83ef-ffa7473cd578" testListId="8c84fa94-04c1-424b-9868-57a2d4851a1d" />
    <TestEntry testId="a523163c-7b17-8c6d-5a96-a85ef7af67d3" executionId="f5725bd8-409b-4a8b-ba31-d10346ea788e" testListId="8c84fa94-04c1-424b-9868-57a2d4851a1d" />
    <TestEntry testId="56e7ebe8-a1fe-16de-7184-74a7499912cf" executionId="759b6d21-eabd-45f6-a221-ca846fd6d47b" testListId="8c84fa94-04c1-424b-9868-57a2d4851a1d" />
    <TestEntry testId="37dfe1b2-9ee3-aa83-9ef5-375846bdc03d" executionId="a9920028-33f2-465c-baba-c2d45603319a" testListId="8c84fa94-04c1-424b-9868-57a2d4851a1d" />
    <TestEntry testId="06bbbdd0-b44c-7a15-cc66-7951e941fc05" executionId="e163650e-7e3b-4e4f-b61a-5ecc093dafd1" testListId="8c84fa94-04c1-424b-9868-57a2d4851a1d" />
  </TestEntries>
  <TestLists>
    <TestList name="Results Not in a List" id="8c84fa94-04c1-424b-9868-57a2d4851a1d" />
    <TestList name="All Loaded Results" id="19431567-8539-422a-85d7-44ee4e166bda" />
  </TestLists>
  <ResultSummary outcome="Completed">
    <Counters total="5" executed="5" passed="5" failed="0" error="0" timeout="0" aborted="0" inconclusive="0" passedButRunAborted="0" notRunnable="0" notExecuted="0" disconnected="0" warning="0" completed="0" inProgress="0" pending="0" />
  </ResultSummary>
</TestRun>