<?xml version="1.0" encoding="UTF-8"?>
<TestRun id="815f3c95-8d7d-43de-995b-ad331d96c552" name="dinesh.kumar@PSILENL026 2020-03-31 16:31:56" runUser="PSIOG\dinesh.kumar" xmlns="http://microsoft.com/schemas/VisualStudio/TeamTest/2010">
  <Times creation="2020-03-31T16:31:56.3968666+05:30" queuing="2020-03-31T16:31:56.3985281+05:30" start="2020-03-31T16:31:56.4034589+05:30" finish="2020-03-31T16:31:56.5077354+05:30" />
  <TestSettings name="default" id="95e0abd0-e767-4c5f-9219-1166a8bff26e">
    <Execution>
      <TestTypeSpecific />
    </Execution>
    <Deployment runDeploymentRoot="dinesh.kumar_PSILENL026 2020-03-31 16_31_56" />
    <Properties />
  </TestSettings>
  <Results>
    <UnitTestResult executionId="6e1bf9a3-d3d3-438f-864f-6545b8b72faa" testId="69668d7d-5a1b-a6f6-9834-021250c6d2a0" testName="MulTest" computerName="PSILENL026" duration="00:00:00.0502928" startTime="2020-03-31T16:31:55.9066694+05:30" endTime="2020-03-31T16:31:56.2807394+05:30" testType="13cdc9d9-ddb5-4fa4-a97d-d965ccfc6d4b" outcome="Passed" testListId="8c84fa94-04c1-424b-9868-57a2d4851a1d" relativeResultsDirectory="6e1bf9a3-d3d3-438f-864f-6545b8b72faa" />
    <UnitTestResult executionId="1657f646-8638-4053-951a-a4f998cc7e83" testId="a523163c-7b17-8c6d-5a96-a85ef7af67d3" testName="SubTest" computerName="PSILENL026" duration="00:00:00.0014943" startTime="2020-03-31T16:31:56.2917096+05:30" endTime="2020-03-31T16:31:56.2937037+05:30" testType="13cdc9d9-ddb5-4fa4-a97d-d965ccfc6d4b" outcome="Passed" testListId="8c84fa94-04c1-424b-9868-57a2d4851a1d" relativeResultsDirectory="1657f646-8638-4053-951a-a4f998cc7e83" />
    <UnitTestResult executionId="dadcbc2c-5db7-4c54-ae55-cf0716bae6e6" testId="56e7ebe8-a1fe-16de-7184-74a7499912cf" testName="AddTest" computerName="PSILENL026" duration="00:00:00.0011424" startTime="2020-03-31T16:31:56.2937037+05:30" endTime="2020-03-31T16:31:56.2956984+05:30" testType="13cdc9d9-ddb5-4fa4-a97d-d965ccfc6d4b" outcome="Passed" testListId="8c84fa94-04c1-424b-9868-57a2d4851a1d" relativeResultsDirectory="dadcbc2c-5db7-4c54-ae55-cf0716bae6e6" />
    <UnitTestResult executionId="bf39f086-ab81-4871-aeee-357104d18d48" testId="37dfe1b2-9ee3-aa83-9ef5-375846bdc03d" testName="DivTest" computerName="PSILENL026" duration="00:00:00.0011359" startTime="2020-03-31T16:31:56.2956984+05:30" endTime="2020-03-31T16:31:56.2966964+05:30" testType="13cdc9d9-ddb5-4fa4-a97d-d965ccfc6d4b" outcome="Passed" testListId="8c84fa94-04c1-424b-9868-57a2d4851a1d" relativeResultsDirectory="bf39f086-ab81-4871-aeee-357104d18d48" />
    <UnitTestResult executionId="8c0f12c7-2ac9-42ca-9e7d-a9c22cccf7f9" testId="06bbbdd0-b44c-7a15-cc66-7951e941fc05" testName="IsGreaterthanZeroTest" computerName="PSILENL026" duration="00:00:00.0022866" startTime="2020-03-31T16:31:56.2966964+05:30" endTime="2020-03-31T16:31:56.2996902+05:30" testType="13cdc9d9-ddb5-4fa4-a97d-d965ccfc6d4b" outcome="Passed" testListId="8c84fa94-04c1-424b-9868-57a2d4851a1d" relativeResultsDirectory="8c0f12c7-2ac9-42ca-9e7d-a9c22cccf7f9">
      <Output>
        <StdOut>-20 is not greater than zero</StdOut>
      </Output>
    </UnitTestResult>
  </Results>
  <TestDefinitions>
    <UnitTest name="MulTest" storage="c:\users\dinesh.kumar\documents\codecoverage\codecoveragedemoproject1\codecoveragetests\bin\debug\codecoveragetests.dll" id="69668d7d-5a1b-a6f6-9834-021250c6d2a0">
      <Execution id="6e1bf9a3-d3d3-438f-864f-6545b8b72faa" />
      <TestMethod codeBase="C:\Users\dinesh.kumar\Documents\codecoverage\CodeCoverageDemoProject1\CodeCoverageTests\bin\Debug\CodeCoverageTests.dll" adapterTypeName="Microsoft.VisualStudio.TestTools.TestTypes.Unit.UnitTestAdapter" className="CodeCoverageTests.ArithmeticTests" name="MulTest" />
    </UnitTest>
    <UnitTest name="SubTest" storage="c:\users\dinesh.kumar\documents\codecoverage\codecoveragedemoproject1\codecoveragetests\bin\debug\codecoveragetests.dll" id="a523163c-7b17-8c6d-5a96-a85ef7af67d3">
      <Execution id="1657f646-8638-4053-951a-a4f998cc7e83" />
      <TestMethod codeBase="C:\Users\dinesh.kumar\Documents\codecoverage\CodeCoverageDemoProject1\CodeCoverageTests\bin\Debug\CodeCoverageTests.dll" adapterTypeName="Microsoft.VisualStudio.TestTools.TestTypes.Unit.UnitTestAdapter" className="CodeCoverageTests.ArithmeticTests" name="SubTest" />
    </UnitTest>
    <UnitTest name="AddTest" storage="c:\users\dinesh.kumar\documents\codecoverage\codecoveragedemoproject1\codecoveragetests\bin\debug\codecoveragetests.dll" id="56e7ebe8-a1fe-16de-7184-74a7499912cf">
      <Execution id="dadcbc2c-5db7-4c54-ae55-cf0716bae6e6" />
      <TestMethod codeBase="C:\Users\dinesh.kumar\Documents\codecoverage\CodeCoverageDemoProject1\CodeCoverageTests\bin\Debug\CodeCoverageTests.dll" adapterTypeName="Microsoft.VisualStudio.TestTools.TestTypes.Unit.UnitTestAdapter" className="CodeCoverageTests.ArithmeticTests" name="AddTest" />
    </UnitTest>
    <UnitTest name="DivTest" storage="c:\users\dinesh.kumar\documents\codecoverage\codecoveragedemoproject1\codecoveragetests\bin\debug\codecoveragetests.dll" id="37dfe1b2-9ee3-aa83-9ef5-375846bdc03d">
      <Execution id="bf39f086-ab81-4871-aeee-357104d18d48" />
      <TestMethod codeBase="C:\Users\dinesh.kumar\Documents\codecoverage\CodeCoverageDemoProject1\CodeCoverageTests\bin\Debug\CodeCoverageTests.dll" adapterTypeName="Microsoft.VisualStudio.TestTools.TestTypes.Unit.UnitTestAdapter" className="CodeCoverageTests.ArithmeticTests" name="DivTest" />
    </UnitTest>
    <UnitTest name="IsGreaterthanZeroTest" storage="c:\users\dinesh.kumar\documents\codecoverage\codecoveragedemoproject1\codecoveragetests\bin\debug\codecoveragetests.dll" id="06bbbdd0-b44c-7a15-cc66-7951e941fc05">
      <Execution id="8c0f12c7-2ac9-42ca-9e7d-a9c22cccf7f9" />
      <TestMethod codeBase="C:\Users\dinesh.kumar\Documents\codecoverage\CodeCoverageDemoProject1\CodeCoverageTests\bin\Debug\CodeCoverageTests.dll" adapterTypeName="Microsoft.VisualStudio.TestTools.TestTypes.Unit.UnitTestAdapter" className="CodeCoverageTests.ArithmeticTests" name="IsGreaterthanZeroTest" />
    </UnitTest>
  </TestDefinitions>
  <TestEntries>
    <TestEntry testId="69668d7d-5a1b-a6f6-9834-021250c6d2a0" executionId="6e1bf9a3-d3d3-438f-864f-6545b8b72faa" testListId="8c84fa94-04c1-424b-9868-57a2d4851a1d" />
    <TestEntry testId="a523163c-7b17-8c6d-5a96-a85ef7af67d3" executionId="1657f646-8638-4053-951a-a4f998cc7e83" testListId="8c84fa94-04c1-424b-9868-57a2d4851a1d" />
    <TestEntry testId="56e7ebe8-a1fe-16de-7184-74a7499912cf" executionId="dadcbc2c-5db7-4c54-ae55-cf0716bae6e6" testListId="8c84fa94-04c1-424b-9868-57a2d4851a1d" />
    <TestEntry testId="37dfe1b2-9ee3-aa83-9ef5-375846bdc03d" executionId="bf39f086-ab81-4871-aeee-357104d18d48" testListId="8c84fa94-04c1-424b-9868-57a2d4851a1d" />
    <TestEntry testId="06bbbdd0-b44c-7a15-cc66-7951e941fc05" executionId="8c0f12c7-2ac9-42ca-9e7d-a9c22cccf7f9" testListId="8c84fa94-04c1-424b-9868-57a2d4851a1d" />
  </TestEntries>
  <TestLists>
    <TestList name="Results Not in a List" id="8c84fa94-04c1-424b-9868-57a2d4851a1d" />
    <TestList name="All Loaded Results" id="19431567-8539-422a-85d7-44ee4e166bda" />
  </TestLists>
  <ResultSummary outcome="Completed">
    <Counters total="5" executed="5" passed="5" failed="0" error="0" timeout="0" aborted="0" inconclusive="0" passedButRunAborted="0" notRunnable="0" notExecuted="0" disconnected="0" warning="0" completed="0" inProgress="0" pending="0" />
  </ResultSummary>
</TestRun>