<?xml version="1.0" encoding="UTF-8"?>
<TestRun id="8b79aea1-26be-4f5a-a45a-1e9f14ece4c7" name="dinesh.kumar@PSILENL026 2020-03-26 16:16:24" runUser="PSIOG\dinesh.kumar" xmlns="http://microsoft.com/schemas/VisualStudio/TeamTest/2010">
  <Times creation="2020-03-26T16:16:24.7288801+05:30" queuing="2020-03-26T16:16:24.7288801+05:30" start="2020-03-26T16:16:24.7338668+05:30" finish="2020-03-26T16:16:24.8336008+05:30" />
  <TestSettings name="default" id="b374660c-2578-488b-bc49-810b3e0edd1b">
    <Execution>
      <TestTypeSpecific />
    </Execution>
    <Deployment runDeploymentRoot="dinesh.kumar_PSILENL026 2020-03-26 16_16_24" />
    <Properties />
  </TestSettings>
  <Results>
    <UnitTestResult executionId="4241282a-6ec6-47c2-9ae2-92f8e336a169" testId="69668d7d-5a1b-a6f6-9834-021250c6d2a0" testName="MulTest" computerName="PSILENL026" duration="00:00:00.0504258" startTime="2020-03-26T16:16:24.2090685+05:30" endTime="2020-03-26T16:16:24.4999687+05:30" testType="13cdc9d9-ddb5-4fa4-a97d-d965ccfc6d4b" outcome="Passed" testListId="8c84fa94-04c1-424b-9868-57a2d4851a1d" relativeResultsDirectory="4241282a-6ec6-47c2-9ae2-92f8e336a169" />
    <UnitTestResult executionId="9495a310-e993-4a3b-8366-110e55a2bca5" testId="a523163c-7b17-8c6d-5a96-a85ef7af67d3" testName="SubTest" computerName="PSILENL026" duration="00:00:00.0010476" startTime="2020-03-26T16:16:24.5159249+05:30" endTime="2020-03-26T16:16:24.5179212+05:30" testType="13cdc9d9-ddb5-4fa4-a97d-d965ccfc6d4b" outcome="Passed" testListId="8c84fa94-04c1-424b-9868-57a2d4851a1d" relativeResultsDirectory="9495a310-e993-4a3b-8366-110e55a2bca5" />
    <UnitTestResult executionId="bac5f798-fb89-44d5-af2b-28c22b25cd63" testId="56e7ebe8-a1fe-16de-7184-74a7499912cf" testName="AddTest" computerName="PSILENL026" duration="00:00:00.0009327" startTime="2020-03-26T16:16:24.5179212+05:30" endTime="2020-03-26T16:16:24.5199540+05:30" testType="13cdc9d9-ddb5-4fa4-a97d-d965ccfc6d4b" outcome="Passed" testListId="8c84fa94-04c1-424b-9868-57a2d4851a1d" relativeResultsDirectory="bac5f798-fb89-44d5-af2b-28c22b25cd63" />
    <UnitTestResult executionId="8f11d7c6-782b-493e-982f-1cbc1509259a" testId="37dfe1b2-9ee3-aa83-9ef5-375846bdc03d" testName="DivTest" computerName="PSILENL026" duration="00:00:00.0008529" startTime="2020-03-26T16:16:24.5199540+05:30" endTime="2020-03-26T16:16:24.5219089+05:30" testType="13cdc9d9-ddb5-4fa4-a97d-d965ccfc6d4b" outcome="Passed" testListId="8c84fa94-04c1-424b-9868-57a2d4851a1d" relativeResultsDirectory="8f11d7c6-782b-493e-982f-1cbc1509259a" />
    <UnitTestResult executionId="e061a206-a94f-490f-bcd2-33988ea714ea" testId="06bbbdd0-b44c-7a15-cc66-7951e941fc05" testName="IsGreaterthanZeroTest" computerName="PSILENL026" duration="00:00:00.0019860" startTime="2020-03-26T16:16:24.5219089+05:30" endTime="2020-03-26T16:16:24.5239035+05:30" testType="13cdc9d9-ddb5-4fa4-a97d-d965ccfc6d4b" outcome="Passed" testListId="8c84fa94-04c1-424b-9868-57a2d4851a1d" relativeResultsDirectory="e061a206-a94f-490f-bcd2-33988ea714ea">
      <Output>
        <StdOut>-20 is not greater than zero</StdOut>
      </Output>
    </UnitTestResult>
  </Results>
  <TestDefinitions>
    <UnitTest name="MulTest" storage="c:\users\dinesh.kumar\documents\visual studio 2013\projects\codecoveragedemoproject1\codecoveragetests\bin\debug\codecoveragetests.dll" id="69668d7d-5a1b-a6f6-9834-021250c6d2a0">
      <Execution id="4241282a-6ec6-47c2-9ae2-92f8e336a169" />
      <TestMethod codeBase="C:\Users\dinesh.kumar\Documents\Visual Studio 2013\Projects\CodeCoverageDemoProject1\CodeCoverageTests\bin\Debug\CodeCoverageTests.dll" adapterTypeName="Microsoft.VisualStudio.TestTools.TestTypes.Unit.UnitTestAdapter" className="CodeCoverageTests.ArithmeticTests" name="MulTest" />
    </UnitTest>
    <UnitTest name="SubTest" storage="c:\users\dinesh.kumar\documents\visual studio 2013\projects\codecoveragedemoproject1\codecoveragetests\bin\debug\codecoveragetests.dll" id="a523163c-7b17-8c6d-5a96-a85ef7af67d3">
      <Execution id="9495a310-e993-4a3b-8366-110e55a2bca5" />
      <TestMethod codeBase="C:\Users\dinesh.kumar\Documents\Visual Studio 2013\Projects\CodeCoverageDemoProject1\CodeCoverageTests\bin\Debug\CodeCoverageTests.dll" adapterTypeName="Microsoft.VisualStudio.TestTools.TestTypes.Unit.UnitTestAdapter" className="CodeCoverageTests.ArithmeticTests" name="SubTest" />
    </UnitTest>
    <UnitTest name="AddTest" storage="c:\users\dinesh.kumar\documents\visual studio 2013\projects\codecoveragedemoproject1\codecoveragetests\bin\debug\codecoveragetests.dll" id="56e7ebe8-a1fe-16de-7184-74a7499912cf">
      <Execution id="bac5f798-fb89-44d5-af2b-28c22b25cd63" />
      <TestMethod codeBase="C:\Users\dinesh.kumar\Documents\Visual Studio 2013\Projects\CodeCoverageDemoProject1\CodeCoverageTests\bin\Debug\CodeCoverageTests.dll" adapterTypeName="Microsoft.VisualStudio.TestTools.TestTypes.Unit.UnitTestAdapter" className="CodeCoverageTests.ArithmeticTests" name="AddTest" />
    </UnitTest>
    <UnitTest name="DivTest" storage="c:\users\dinesh.kumar\documents\visual studio 2013\projects\codecoveragedemoproject1\codecoveragetests\bin\debug\codecoveragetests.dll" id="37dfe1b2-9ee3-aa83-9ef5-375846bdc03d">
      <Execution id="8f11d7c6-782b-493e-982f-1cbc1509259a" />
      <TestMethod codeBase="C:\Users\dinesh.kumar\Documents\Visual Studio 2013\Projects\CodeCoverageDemoProject1\CodeCoverageTests\bin\Debug\CodeCoverageTests.dll" adapterTypeName="Microsoft.VisualStudio.TestTools.TestTypes.Unit.UnitTestAdapter" className="CodeCoverageTests.ArithmeticTests" name="DivTest" />
    </UnitTest>
    <UnitTest name="IsGreaterthanZeroTest" storage="c:\users\dinesh.kumar\documents\visual studio 2013\projects\codecoveragedemoproject1\codecoveragetests\bin\debug\codecoveragetests.dll" id="06bbbdd0-b44c-7a15-cc66-7951e941fc05">
      <Execution id="e061a206-a94f-490f-bcd2-33988ea714ea" />
      <TestMethod codeBase="C:\Users\dinesh.kumar\Documents\Visual Studio 2013\Projects\CodeCoverageDemoProject1\CodeCoverageTests\bin\Debug\CodeCoverageTests.dll" adapterTypeName="Microsoft.VisualStudio.TestTools.TestTypes.Unit.UnitTestAdapter" className="CodeCoverageTests.ArithmeticTests" name="IsGreaterthanZeroTest" />
    </UnitTest>
  </TestDefinitions>
  <TestEntries>
    <TestEntry testId="69668d7d-5a1b-a6f6-9834-021250c6d2a0" executionId="4241282a-6ec6-47c2-9ae2-92f8e336a169" testListId="8c84fa94-04c1-424b-9868-57a2d4851a1d" />
    <TestEntry testId="a523163c-7b17-8c6d-5a96-a85ef7af67d3" executionId="9495a310-e993-4a3b-8366-110e55a2bca5" testListId="8c84fa94-04c1-424b-9868-57a2d4851a1d" />
    <TestEntry testId="56e7ebe8-a1fe-16de-7184-74a7499912cf" executionId="bac5f798-fb89-44d5-af2b-28c22b25cd63" testListId="8c84fa94-04c1-424b-9868-57a2d4851a1d" />
    <TestEntry testId="37dfe1b2-9ee3-aa83-9ef5-375846bdc03d" executionId="8f11d7c6-782b-493e-982f-1cbc1509259a" testListId="8c84fa94-04c1-424b-9868-57a2d4851a1d" />
    <TestEntry testId="06bbbdd0-b44c-7a15-cc66-7951e941fc05" executionId="e061a206-a94f-490f-bcd2-33988ea714ea" testListId="8c84fa94-04c1-424b-9868-57a2d4851a1d" />
  </TestEntries>
  <TestLists>
    <TestList name="Results Not in a List" id="8c84fa94-04c1-424b-9868-57a2d4851a1d" />
    <TestList name="All Loaded Results" id="19431567-8539-422a-85d7-44ee4e166bda" />
  </TestLists>
  <ResultSummary outcome="Completed">
    <Counters total="5" executed="5" passed="5" failed="0" error="0" timeout="0" aborted="0" inconclusive="0" passedButRunAborted="0" notRunnable="0" notExecuted="0" disconnected="0" warning="0" completed="0" inProgress="0" pending="0" />
    <RunInfos>
      <RunInfo computerName="PSILENL026" outcome="Warning" timestamp="2020-03-26T16:16:23.6897718+05:30">
        <Text>Diagnostic data adapter message: Could not find diagnostic data adapter 'Code Coverage'.  Make sure diagnostic data adapter is installed and try again.</Text>
      </RunInfo>
    </RunInfos>
  </ResultSummary>
</TestRun>