<?xml version="1.0" encoding="UTF-8"?>
<TestRun id="f27ea629-750e-4e2b-891b-a152498d9dbe" name="dinesh.kumar@PSILENL026 2020-03-31 16:22:13" runUser="PSIOG\dinesh.kumar" xmlns="http://microsoft.com/schemas/VisualStudio/TeamTest/2010">
  <Times creation="2020-03-31T16:22:13.3909730+05:30" queuing="2020-03-31T16:22:13.3929694+05:30" start="2020-03-31T16:22:13.4012609+05:30" finish="2020-03-31T16:22:13.5568459+05:30" />
  <TestSettings name="default" id="d08cd081-82f3-4fa1-a3fd-b34e02975f9d">
    <Execution>
      <TestTypeSpecific />
    </Execution>
    <Deployment runDeploymentRoot="dinesh.kumar_PSILENL026 2020-03-31 16_22_13" />
    <Properties />
  </TestSettings>
  <Results>
    <UnitTestResult executionId="7947c77e-ab2e-4358-87b7-ca5d294e28fb" testId="b1ac9f6a-3915-ec08-bced-86939c14d368" testName="testcase1" computerName="PSILENL026" duration="00:00:01.0949121" startTime="2020-03-31T16:22:04.8618433+05:30" endTime="2020-03-31T16:22:13.2623171+05:30" testType="13cdc9d9-ddb5-4fa4-a97d-d965ccfc6d4b" outcome="Passed" testListId="8c84fa94-04c1-424b-9868-57a2d4851a1d" relativeResultsDirectory="7947c77e-ab2e-4358-87b7-ca5d294e28fb" />
  </Results>
  <TestDefinitions>
    <UnitTest name="testcase1" storage="c:\users\dinesh.kumar\documents\codecoverage\codecoveragedemoproject1\codecoveragetests\bin\debug\codecoveragetests.dll" id="b1ac9f6a-3915-ec08-bced-86939c14d368">
      <Execution id="7947c77e-ab2e-4358-87b7-ca5d294e28fb" />
      <TestMethod codeBase="C:\Users\dinesh.kumar\Documents\codecoverage\CodeCoverageDemoProject1\CodeCoverageTests\bin\Debug\CodeCoverageTests.dll" adapterTypeName="Microsoft.VisualStudio.TestTools.TestTypes.Unit.UnitTestAdapter" className="CodeCoverageTests.SampleUITests" name="testcase1" />
    </UnitTest>
  </TestDefinitions>
  <TestEntries>
    <TestEntry testId="b1ac9f6a-3915-ec08-bced-86939c14d368" executionId="7947c77e-ab2e-4358-87b7-ca5d294e28fb" testListId="8c84fa94-04c1-424b-9868-57a2d4851a1d" />
  </TestEntries>
  <TestLists>
    <TestList name="Results Not in a List" id="8c84fa94-04c1-424b-9868-57a2d4851a1d" />
    <TestList name="All Loaded Results" id="19431567-8539-422a-85d7-44ee4e166bda" />
  </TestLists>
  <ResultSummary outcome="Completed">
    <Counters total="1" executed="1" passed="1" failed="0" error="0" timeout="0" aborted="0" inconclusive="0" passedButRunAborted="0" notRunnable="0" notExecuted="0" disconnected="0" warning="0" completed="0" inProgress="0" pending="0" />
  </ResultSummary>
</TestRun>